<?xml version="1.0" encoding="UTF-8"?>
<!-- Generated by org.testng.reporters.JUnitReportReporter -->
<testsuite hostname="LAPTOP-08AIPMR0" failures="0" tests="1" name="com.w2a.testcases.LoginTest" time="2.075" errors="0" timestamp="2025-02-04T22:38:45 IST" skipped="0">
  <testcase classname="com.w2a.testcases.LoginTest" name="loginAsBankManager" time="2.075"/>
</testsuite> <!-- com.w2a.testcases.LoginTest -->
