<?xml version="1.0" encoding="UTF-8"?>
<!-- Generated by org.testng.reporters.JUnitReportReporter -->
<testsuite hostname="LAPTOP-08AIPMR0" failures="0" tests="1" name="testcases.LaunchBrowser" time="3.334" errors="0" timestamp="2025-01-28T22:47:37 IST" skipped="0">
  <testcase classname="testcases.LaunchBrowser" name="m2" time="3.334"/>
</testsuite> <!-- testcases.LaunchBrowser -->
