<?xml version="1.0" encoding="UTF-8"?>
<!-- Generated by org.testng.reporters.JUnitReportReporter -->
<testsuite hostname="LAPTOP-08AIPMR0" failures="0" tests="1" name="testcases.HandleMultipleWindows" time="29.678" errors="0" timestamp="2025-01-30T22:22:57 IST" skipped="0">
  <testcase classname="testcases.HandleMultipleWindows" name="HandleMultipleWindows" time="29.678"/>
</testsuite> <!-- testcases.HandleMultipleWindows -->
